[2025-03-12 13:06:33 UTC] [INFO] [crypto_signals.data] [fetch_hourly_data] - Completed data fetch for clearpool (71 days)
[2025-03-12 13:06:33 UTC] [INFO] [crypto_signals.data] [update_multiple_tokens] - Successfully updated clearpool
[2025-03-12 13:06:33 UTC] [INFO] [crypto_signals.data] [update_multiple_tokens] - 
Processing simmi-token...
[2025-03-12 13:06:33 UTC] [INFO] [crypto_signals.data] [update_token_data] - Previous data detected for token simmi-token
[2025-03-12 13:06:33 UTC] [INFO] [crypto_signals.data] [fetch_hourly_data] - Starting data fetch for simmi-token from 2025-03-09 14:00:00 to 2025-03-12 14:00:00 (3 days)
[2025-03-12 13:06:33 UTC] [INFO] [crypto_signals.data] [fetch_hourly_data] - Completed data fetch for simmi-token (71 days)
[2025-03-12 13:06:34 UTC] [INFO] [crypto_signals.data] [update_multiple_tokens] - Successfully updated simmi-token
[2025-03-12 13:06:34 UTC] [INFO] [crypto_signals.data] [update_multiple_tokens] - 
Processing ondo-finance...
[2025-03-12 13:06:34 UTC] [INFO] [crypto_signals.data] [update_token_data] - Previous data detected for token ondo-finance
[2025-03-12 13:06:34 UTC] [INFO] [crypto_signals.data] [fetch_hourly_data] - Starting data fetch for ondo-finance from 2025-03-09 14:00:00 to 2025-03-12 14:00:00 (3 days)
[2025-03-12 13:06:34 UTC] [INFO] [crypto_signals.data] [fetch_hourly_data] - Completed data fetch for ondo-finance (71 days)
[2025-03-12 13:06:34 UTC] [INFO] [crypto_signals.data] [update_multiple_tokens] - Successfully updated ondo-finance
[2025-03-12 13:06:34 UTC] [INFO] [crypto_signals.data] [_log_fetch_status] - 1/8 are present for the most recent hour, near, oasis-network, empyreal, maple, clearpool, simmi-token, ondo-finance are not present in the most recent hour
[2025-03-12 13:06:34 UTC] [INFO] [crypto_signals.system] [main] - Token data updated
[2025-03-12 13:06:35 UTC] [INFO] [crypto_signals.system] [main] - Token price validation complete
[2025-03-12 13:06:35 UTC] [INFO] [crypto_signals.system] [main] - Price alerts processed
[2025-03-12 13:06:35 UTC] [INFO] [crypto_signals.data] [process_new_data] - Expanding indicators updated in 0.01s
[2025-03-12 13:06:35 UTC] [INFO] [crypto_signals.data] [process_new_data] - Rolling indicators updated in 0.23s
[2025-03-12 13:06:35 UTC] [INFO] [crypto_signals.data] [process_new_data] - Portfolio signals updated in 0.04s
[2025-03-12 13:06:36 UTC] [INFO] [crypto_signals.data] [process_new_data] - Data processing complete and saved
[2025-03-12 13:06:36 UTC] [INFO] [crypto_signals.system] [main] - Indicator processing complete
[2025-03-12 13:47:12 UTC] [INFO] [crypto_signals.system] [main] - Starting crypto signals processing
[2025-03-12 13:47:12 UTC] [INFO] [crypto_signals.data] [remove_columns] - Removed columns: []
[2025-03-12 13:47:12 UTC] [INFO] [crypto_signals.data] [update_multiple_tokens] - 
Processing near...
[2025-03-12 13:47:12 UTC] [INFO] [crypto_signals.data] [update_token_data] - Previous data detected for token near
[2025-03-12 13:47:12 UTC] [INFO] [crypto_signals.data] [fetch_hourly_data] - Starting data fetch for near from 2025-03-09 14:00:00 to 2025-03-12 14:00:00 (3 days)
[2025-03-12 13:47:12 UTC] [INFO] [crypto_signals.data] [fetch_hourly_data] - Completed data fetch for near (72 days)
[2025-03-12 13:47:12 UTC] [INFO] [crypto_signals.data] [update_multiple_tokens] - Successfully updated near
[2025-03-12 13:47:12 UTC] [INFO] [crypto_signals.data] [update_multiple_tokens] - 
Processing oasis-network...
[2025-03-12 13:47:12 UTC] [INFO] [crypto_signals.data] [update_token_data] - Previous data detected for token oasis-network
[2025-03-12 13:47:12 UTC] [INFO] [crypto_signals.data] [fetch_hourly_data] - Starting data fetch for oasis-network from 2025-03-09 14:00:00 to 2025-03-12 14:00:00 (3 days)
[2025-03-12 13:47:12 UTC] [INFO] [crypto_signals.data] [fetch_hourly_data] - Completed data fetch for oasis-network (72 days)
[2025-03-12 13:47:12 UTC] [INFO] [crypto_signals.data] [update_multiple_tokens] - Successfully updated oasis-network
[2025-03-12 13:47:12 UTC] [INFO] [crypto_signals.data] [update_multiple_tokens] - 
Processing ix-swap...
[2025-03-12 13:47:12 UTC] [INFO] [crypto_signals.data] [update_token_data] - Previous data detected for token ix-swap
[2025-03-12 13:47:12 UTC] [INFO] [crypto_signals.data] [fetch_hourly_data] - Starting data fetch for ix-swap from 2025-03-09 14:00:00 to 2025-03-12 14:00:00 (3 days)
[2025-03-12 13:47:12 UTC] [INFO] [crypto_signals.data] [fetch_hourly_data] - Completed data fetch for ix-swap (72 days)
[2025-03-12 13:47:12 UTC] [INFO] [crypto_signals.data] [update_multiple_tokens] - Successfully updated ix-swap
[2025-03-12 13:47:12 UTC] [INFO] [crypto_signals.data] [update_multiple_tokens] - 
Processing empyreal...
[2025-03-12 13:47:12 UTC] [INFO] [crypto_signals.data] [update_token_data] - Previous data detected for token empyreal
[2025-03-12 13:47:12 UTC] [INFO] [crypto_signals.data] [fetch_hourly_data] - Starting data fetch for empyreal from 2025-03-09 14:00:00 to 2025-03-12 14:00:00 (3 days)
[2025-03-12 13:47:13 UTC] [INFO] [crypto_signals.data] [fetch_hourly_data] - Completed data fetch for empyreal (72 days)
[2025-03-12 13:47:13 UTC] [INFO] [crypto_signals.data] [update_multiple_tokens] - Successfully updated empyreal
[2025-03-12 13:47:13 UTC] [INFO] [crypto_signals.data] [update_multiple_tokens] - 
Processing maple...
[2025-03-12 13:47:13 UTC] [INFO] [crypto_signals.data] [update_token_data] - Previous data detected for token maple
[2025-03-12 13:47:13 UTC] [INFO] [crypto_signals.data] [fetch_hourly_data] - Starting data fetch for maple from 2025-03-09 14:00:00 to 2025-03-12 14:00:00 (3 days)
[2025-03-12 13:47:13 UTC] [INFO] [crypto_signals.data] [fetch_hourly_data] - Completed data fetch for maple (72 days)
[2025-03-12 13:47:13 UTC] [INFO] [crypto_signals.data] [update_multiple_tokens] - Successfully updated maple
[2025-03-12 13:47:13 UTC] [INFO] [crypto_signals.data] [update_multiple_tokens] - 
Processing clearpool...
[2025-03-12 13:47:13 UTC] [INFO] [crypto_signals.data] [update_token_data] - Previous data detected for token clearpool
[2025-03-12 13:47:13 UTC] [INFO] [crypto_signals.data] [fetch_hourly_data] - Starting data fetch for clearpool from 2025-03-09 14:00:00 to 2025-03-12 14:00:00 (3 days)
[2025-03-12 13:47:24 UTC] [INFO] [crypto_signals.api] [api_rate_limit_call] - All keys exhausted. Waiting 20.2s before next attempt
[2025-03-12 13:47:44 UTC] [INFO] [crypto_signals.api] [api_rate_limit_call] - All keys exhausted. Waiting 40.4s before next attempt
[2025-03-12 13:48:25 UTC] [INFO] [crypto_signals.api] [api_rate_limit_call] - All keys exhausted. Waiting 60s before next attempt
[2025-03-12 13:48:25 UTC] [INFO] [crypto_signals.data] [fetch_hourly_data] - Completed data fetch for clearpool (72 days)
[2025-03-12 13:48:25 UTC] [INFO] [crypto_signals.data] [update_multiple_tokens] - Successfully updated clearpool
[2025-03-12 13:48:25 UTC] [INFO] [crypto_signals.data] [update_multiple_tokens] - 
Processing simmi-token...
[2025-03-12 13:48:25 UTC] [INFO] [crypto_signals.data] [update_token_data] - Previous data detected for token simmi-token
[2025-03-12 13:48:25 UTC] [INFO] [crypto_signals.data] [fetch_hourly_data] - Starting data fetch for simmi-token from 2025-03-09 14:00:00 to 2025-03-12 14:00:00 (3 days)
[2025-03-12 13:48:25 UTC] [INFO] [crypto_signals.data] [fetch_hourly_data] - Completed data fetch for simmi-token (72 days)
[2025-03-12 13:48:25 UTC] [INFO] [crypto_signals.data] [update_multiple_tokens] - Successfully updated simmi-token
[2025-03-12 13:48:25 UTC] [INFO] [crypto_signals.data] [update_multiple_tokens] - 
Processing ondo-finance...
[2025-03-12 13:48:25 UTC] [INFO] [crypto_signals.data] [update_token_data] - Previous data detected for token ondo-finance
[2025-03-12 13:48:25 UTC] [INFO] [crypto_signals.data] [fetch_hourly_data] - Starting data fetch for ondo-finance from 2025-03-09 14:00:00 to 2025-03-12 14:00:00 (3 days)
[2025-03-12 13:48:26 UTC] [INFO] [crypto_signals.data] [fetch_hourly_data] - Completed data fetch for ondo-finance (72 days)
[2025-03-12 13:48:26 UTC] [INFO] [crypto_signals.data] [update_multiple_tokens] - Successfully updated ondo-finance
[2025-03-12 13:48:26 UTC] [INFO] [crypto_signals.data] [_log_fetch_status] - 8/8 are present for the most recent hour, None are not present in the most recent hour
[2025-03-12 13:48:26 UTC] [INFO] [crypto_signals.system] [main] - Token data updated
[2025-03-12 13:48:27 UTC] [INFO] [crypto_signals.system] [main] - Token price validation complete
[2025-03-12 13:48:27 UTC] [INFO] [crypto_signals.system] [main] - Price alerts processed
[2025-03-12 13:48:27 UTC] [INFO] [crypto_signals.data] [process_new_data] - Expanding indicators updated in 0.01s
[2025-03-12 13:48:27 UTC] [INFO] [crypto_signals.data] [process_new_data] - Rolling indicators updated in 0.23s
[2025-03-12 13:48:27 UTC] [INFO] [crypto_signals.data] [process_new_data] - Portfolio signals updated in 0.04s
[2025-03-12 13:48:28 UTC] [INFO] [crypto_signals.data] [process_new_data] - Data processing complete and saved
[2025-03-12 13:48:28 UTC] [INFO] [crypto_signals.system] [main] - Indicator processing complete
[2025-03-12 14:46:50 UTC] [INFO] [crypto_signals.system] [main] - Starting crypto signals processing
[2025-03-12 14:46:50 UTC] [INFO] [crypto_signals.data] [remove_columns] - Removed columns: []
[2025-03-12 14:46:50 UTC] [INFO] [crypto_signals.data] [update_multiple_tokens] - 
Processing near...
[2025-03-12 14:46:50 UTC] [INFO] [crypto_signals.data] [update_token_data] - Previous data detected for token near
[2025-03-12 14:46:50 UTC] [INFO] [crypto_signals.data] [fetch_hourly_data] - Starting data fetch for near from 2025-03-09 15:00:00 to 2025-03-12 15:00:00 (3 days)
[2025-03-12 14:46:51 UTC] [INFO] [crypto_signals.data] [fetch_hourly_data] - Completed data fetch for near (72 days)
[2025-03-12 14:46:51 UTC] [INFO] [crypto_signals.data] [update_multiple_tokens] - Successfully updated near
[2025-03-12 14:46:51 UTC] [INFO] [crypto_signals.data] [update_multiple_tokens] - 
Processing oasis-network...
[2025-03-12 14:46:51 UTC] [INFO] [crypto_signals.data] [update_token_data] - Previous data detected for token oasis-network
[2025-03-12 14:46:51 UTC] [INFO] [crypto_signals.data] [fetch_hourly_data] - Starting data fetch for oasis-network from 2025-03-09 15:00:00 to 2025-03-12 15:00:00 (3 days)
[2025-03-12 14:46:51 UTC] [INFO] [crypto_signals.data] [fetch_hourly_data] - Completed data fetch for oasis-network (72 days)
[2025-03-12 14:46:51 UTC] [INFO] [crypto_signals.data] [update_multiple_tokens] - Successfully updated oasis-network
[2025-03-12 14:46:51 UTC] [INFO] [crypto_signals.data] [update_multiple_tokens] - 
Processing ix-swap...
[2025-03-12 14:46:51 UTC] [INFO] [crypto_signals.data] [update_token_data] - Previous data detected for token ix-swap
[2025-03-12 14:46:51 UTC] [INFO] [crypto_signals.data] [fetch_hourly_data] - Starting data fetch for ix-swap from 2025-03-09 15:00:00 to 2025-03-12 15:00:00 (3 days)
[2025-03-12 14:46:51 UTC] [INFO] [crypto_signals.data] [fetch_hourly_data] - Completed data fetch for ix-swap (72 days)
[2025-03-12 14:46:51 UTC] [INFO] [crypto_signals.data] [update_multiple_tokens] - Successfully updated ix-swap
[2025-03-12 14:46:51 UTC] [INFO] [crypto_signals.data] [update_multiple_tokens] - 
Processing empyreal...
[2025-03-12 14:46:51 UTC] [INFO] [crypto_signals.data] [update_token_data] - Previous data detected for token empyreal
[2025-03-12 14:46:51 UTC] [INFO] [crypto_signals.data] [fetch_hourly_data] - Starting data fetch for empyreal from 2025-03-09 15:00:00 to 2025-03-12 15:00:00 (3 days)
[2025-03-12 14:46:52 UTC] [INFO] [crypto_signals.data] [fetch_hourly_data] - Completed data fetch for empyreal (72 days)
[2025-03-12 14:46:52 UTC] [INFO] [crypto_signals.data] [update_multiple_tokens] - Successfully updated empyreal
[2025-03-12 14:46:52 UTC] [INFO] [crypto_signals.data] [update_multiple_tokens] - 
Processing maple...
[2025-03-12 14:46:52 UTC] [INFO] [crypto_signals.data] [update_token_data] - Previous data detected for token maple
[2025-03-12 14:46:52 UTC] [INFO] [crypto_signals.data] [fetch_hourly_data] - Starting data fetch for maple from 2025-03-09 15:00:00 to 2025-03-12 15:00:00 (3 days)
[2025-03-12 14:46:52 UTC] [INFO] [crypto_signals.data] [fetch_hourly_data] - Completed data fetch for maple (72 days)
[2025-03-12 14:46:52 UTC] [INFO] [crypto_signals.data] [update_multiple_tokens] - Successfully updated maple
[2025-03-12 14:46:52 UTC] [INFO] [crypto_signals.data] [update_multiple_tokens] - 
Processing clearpool...
[2025-03-12 14:46:52 UTC] [INFO] [crypto_signals.data] [update_token_data] - Previous data detected for token clearpool
[2025-03-12 14:46:52 UTC] [INFO] [crypto_signals.data] [fetch_hourly_data] - Starting data fetch for clearpool from 2025-03-09 15:00:00 to 2025-03-12 15:00:00 (3 days)
[2025-03-12 14:47:03 UTC] [INFO] [crypto_signals.api] [api_rate_limit_call] - All keys exhausted. Waiting 20.2s before next attempt
[2025-03-12 14:47:03 UTC] [INFO] [crypto_signals.data] [fetch_hourly_data] - Completed data fetch for clearpool (72 days)
[2025-03-12 14:47:03 UTC] [INFO] [crypto_signals.data] [update_multiple_tokens] - Successfully updated clearpool
[2025-03-12 14:47:03 UTC] [INFO] [crypto_signals.data] [update_multiple_tokens] - 
Processing simmi-token...
[2025-03-12 14:47:03 UTC] [INFO] [crypto_signals.data] [update_token_data] - Previous data detected for token simmi-token
[2025-03-12 14:47:03 UTC] [INFO] [crypto_signals.data] [fetch_hourly_data] - Starting data fetch for simmi-token from 2025-03-09 15:00:00 to 2025-03-12 15:00:00 (3 days)
[2025-03-12 14:47:03 UTC] [INFO] [crypto_signals.data] [fetch_hourly_data] - Completed data fetch for simmi-token (72 days)
[2025-03-12 14:47:03 UTC] [INFO] [crypto_signals.data] [update_multiple_tokens] - Successfully updated simmi-token
[2025-03-12 14:47:03 UTC] [INFO] [crypto_signals.data] [update_multiple_tokens] - 
Processing ondo-finance...
[2025-03-12 14:47:03 UTC] [INFO] [crypto_signals.data] [update_token_data] - Previous data detected for token ondo-finance
[2025-03-12 14:47:03 UTC] [INFO] [crypto_signals.data] [fetch_hourly_data] - Starting data fetch for ondo-finance from 2025-03-09 15:00:00 to 2025-03-12 15:00:00 (3 days)
[2025-03-12 14:47:04 UTC] [INFO] [crypto_signals.data] [fetch_hourly_data] - Completed data fetch for ondo-finance (72 days)
[2025-03-12 14:47:04 UTC] [INFO] [crypto_signals.data] [update_multiple_tokens] - Successfully updated ondo-finance
[2025-03-12 14:47:04 UTC] [INFO] [crypto_signals.data] [_log_fetch_status] - 8/8 are present for the most recent hour, None are not present in the most recent hour
[2025-03-12 14:47:04 UTC] [INFO] [crypto_signals.system] [main] - Token data updated
[2025-03-12 14:47:04 UTC] [INFO] [crypto_signals.system] [main] - Token price validation complete
[2025-03-12 14:47:05 UTC] [INFO] [crypto_signals.system] [main] - Price alerts processed
[2025-03-12 14:47:05 UTC] [INFO] [crypto_signals.data] [process_new_data] - Expanding indicators updated in 0.01s
[2025-03-12 14:47:05 UTC] [INFO] [crypto_signals.data] [process_new_data] - Rolling indicators updated in 0.24s
[2025-03-12 14:47:05 UTC] [INFO] [crypto_signals.data] [process_new_data] - Portfolio signals updated in 0.04s
[2025-03-12 14:47:06 UTC] [INFO] [crypto_signals.data] [process_new_data] - Data processing complete and saved
[2025-03-12 14:47:06 UTC] [INFO] [crypto_signals.system] [main] - Indicator processing complete
[2025-03-12 15:47:02 UTC] [INFO] [crypto_signals.system] [main] - Starting crypto signals processing
[2025-03-12 15:47:02 UTC] [INFO] [crypto_signals.data] [remove_columns] - Removed columns: []
[2025-03-12 15:47:02 UTC] [INFO] [crypto_signals.data] [update_multiple_tokens] - 
Processing near...
[2025-03-12 15:47:02 UTC] [INFO] [crypto_signals.data] [update_token_data] - Previous data detected for token near
[2025-03-12 15:47:02 UTC] [INFO] [crypto_signals.data] [fetch_hourly_data] - Starting data fetch for near from 2025-03-09 16:00:00 to 2025-03-12 16:00:00 (3 days)
[2025-03-12 15:47:02 UTC] [INFO] [crypto_signals.data] [fetch_hourly_data] - Completed data fetch for near (72 days)
[2025-03-12 15:47:02 UTC] [INFO] [crypto_signals.data] [update_multiple_tokens] - Successfully updated near
[2025-03-12 15:47:02 UTC] [INFO] [crypto_signals.data] [update_multiple_tokens] - 
Processing oasis-network...
[2025-03-12 15:47:02 UTC] [INFO] [crypto_signals.data] [update_token_data] - Previous data detected for token oasis-network
[2025-03-12 15:47:02 UTC] [INFO] [crypto_signals.data] [fetch_hourly_data] - Starting data fetch for oasis-network from 2025-03-09 16:00:00 to 2025-03-12 16:00:00 (3 days)
[2025-03-12 15:47:02 UTC] [INFO] [crypto_signals.data] [fetch_hourly_data] - Completed data fetch for oasis-network (72 days)
[2025-03-12 15:47:02 UTC] [INFO] [crypto_signals.data] [update_multiple_tokens] - Successfully updated oasis-network
[2025-03-12 15:47:02 UTC] [INFO] [crypto_signals.data] [update_multiple_tokens] - 
Processing ix-swap...
[2025-03-12 15:47:02 UTC] [INFO] [crypto_signals.data] [update_token_data] - Previous data detected for token ix-swap
[2025-03-12 15:47:02 UTC] [INFO] [crypto_signals.data] [fetch_hourly_data] - Starting data fetch for ix-swap from 2025-03-09 16:00:00 to 2025-03-12 16:00:00 (3 days)
[2025-03-12 15:47:03 UTC] [INFO] [crypto_signals.data] [fetch_hourly_data] - Completed data fetch for ix-swap (72 days)
[2025-03-12 15:47:03 UTC] [INFO] [crypto_signals.data] [update_multiple_tokens] - Successfully updated ix-swap
[2025-03-12 15:47:03 UTC] [INFO] [crypto_signals.data] [update_multiple_tokens] - 
Processing empyreal...
[2025-03-12 15:47:03 UTC] [INFO] [crypto_signals.data] [update_token_data] - Previous data detected for token empyreal
[2025-03-12 15:47:03 UTC] [INFO] [crypto_signals.data] [fetch_hourly_data] - Starting data fetch for empyreal from 2025-03-09 16:00:00 to 2025-03-12 16:00:00 (3 days)
[2025-03-12 15:47:03 UTC] [INFO] [crypto_signals.data] [fetch_hourly_data] - Completed data fetch for empyreal (72 days)
[2025-03-12 15:47:03 UTC] [INFO] [crypto_signals.data] [update_multiple_tokens] - Successfully updated empyreal
[2025-03-12 15:47:03 UTC] [INFO] [crypto_signals.data] [update_multiple_tokens] - 
Processing maple...
[2025-03-12 15:47:03 UTC] [INFO] [crypto_signals.data] [update_token_data] - Previous data detected for token maple
[2025-03-12 15:47:03 UTC] [INFO] [crypto_signals.data] [fetch_hourly_data] - Starting data fetch for maple from 2025-03-09 16:00:00 to 2025-03-12 16:00:00 (3 days)
[2025-03-12 15:47:03 UTC] [INFO] [crypto_signals.data] [fetch_hourly_data] - Completed data fetch for maple (72 days)
[2025-03-12 15:47:04 UTC] [INFO] [crypto_signals.data] [update_multiple_tokens] - Successfully updated maple
[2025-03-12 15:47:04 UTC] [INFO] [crypto_signals.data] [update_multiple_tokens] - 
Processing clearpool...
[2025-03-12 15:47:04 UTC] [INFO] [crypto_signals.data] [update_token_data] - Previous data detected for token clearpool
[2025-03-12 15:47:04 UTC] [INFO] [crypto_signals.data] [fetch_hourly_data] - Starting data fetch for clearpool from 2025-03-09 16:00:00 to 2025-03-12 16:00:00 (3 days)
[2025-03-12 15:47:14 UTC] [INFO] [crypto_signals.api] [api_rate_limit_call] - All keys exhausted. Waiting 20.2s before next attempt
[2025-03-12 15:47:35 UTC] [INFO] [crypto_signals.api] [api_rate_limit_call] - All keys exhausted. Waiting 40.4s before next attempt
[2025-03-12 15:48:16 UTC] [INFO] [crypto_signals.api] [api_rate_limit_call] - All keys exhausted. Waiting 60s before next attempt
[2025-03-12 15:48:16 UTC] [INFO] [crypto_signals.data] [fetch_hourly_data] - Completed data fetch for clearpool (72 days)
[2025-03-12 15:48:16 UTC] [INFO] [crypto_signals.data] [update_multiple_tokens] - Successfully updated clearpool
[2025-03-12 15:48:16 UTC] [INFO] [crypto_signals.data] [update_multiple_tokens] - 
Processing simmi-token...
[2025-03-12 15:48:16 UTC] [INFO] [crypto_signals.data] [update_token_data] - Previous data detected for token simmi-token
[2025-03-12 15:48:16 UTC] [INFO] [crypto_signals.data] [fetch_hourly_data] - Starting data fetch for simmi-token from 2025-03-09 16:00:00 to 2025-03-12 16:00:00 (3 days)
[2025-03-12 15:48:16 UTC] [INFO] [crypto_signals.data] [fetch_hourly_data] - Completed data fetch for simmi-token (72 days)
[2025-03-12 15:48:16 UTC] [INFO] [crypto_signals.data] [update_multiple_tokens] - Successfully updated simmi-token
[2025-03-12 15:48:16 UTC] [INFO] [crypto_signals.data] [update_multiple_tokens] - 
Processing ondo-finance...
[2025-03-12 15:48:16 UTC] [INFO] [crypto_signals.data] [update_token_data] - Previous data detected for token ondo-finance
[2025-03-12 15:48:16 UTC] [INFO] [crypto_signals.data] [fetch_hourly_data] - Starting data fetch for ondo-finance from 2025-03-09 16:00:00 to 2025-03-12 16:00:00 (3 days)
[2025-03-12 15:48:16 UTC] [INFO] [crypto_signals.data] [fetch_hourly_data] - Completed data fetch for ondo-finance (72 days)
[2025-03-12 15:48:16 UTC] [INFO] [crypto_signals.data] [update_multiple_tokens] - Successfully updated ondo-finance
[2025-03-12 15:48:17 UTC] [INFO] [crypto_signals.data] [_log_fetch_status] - 8/8 are present for the most recent hour, None are not present in the most recent hour
[2025-03-12 15:48:17 UTC] [INFO] [crypto_signals.system] [main] - Token data updated
[2025-03-12 15:48:17 UTC] [INFO] [crypto_signals.system] [main] - Token price validation complete
[2025-03-12 15:48:17 UTC] [INFO] [crypto_signals.system] [main] - Price alerts processed
[2025-03-12 15:48:18 UTC] [INFO] [crypto_signals.data] [process_new_data] - Expanding indicators updated in 0.01s
[2025-03-12 15:48:18 UTC] [INFO] [crypto_signals.data] [process_new_data] - Rolling indicators updated in 0.23s
[2025-03-12 15:48:18 UTC] [INFO] [crypto_signals.data] [process_new_data] - Portfolio signals updated in 0.04s
[2025-03-12 15:48:19 UTC] [INFO] [crypto_signals.data] [process_new_data] - Data processing complete and saved
[2025-03-12 15:48:19 UTC] [INFO] [crypto_signals.system] [main] - Indicator processing complete
[2025-03-12 16:51:00 UTC] [INFO] [crypto_signals.system] [main] - Starting crypto signals processing
[2025-03-12 16:51:00 UTC] [INFO] [crypto_signals.data] [remove_columns] - Removed columns: []
[2025-03-12 16:51:00 UTC] [INFO] [crypto_signals.data] [update_multiple_tokens] - 
Processing near...
[2025-03-12 16:51:00 UTC] [INFO] [crypto_signals.data] [update_token_data] - Previous data detected for token near
[2025-03-12 16:51:00 UTC] [INFO] [crypto_signals.data] [fetch_hourly_data] - Starting data fetch for near from 2025-03-09 17:00:00 to 2025-03-12 17:00:00 (3 days)
[2025-03-12 16:51:00 UTC] [INFO] [crypto_signals.data] [fetch_hourly_data] - Completed data fetch for near (72 days)
[2025-03-12 16:51:00 UTC] [INFO] [crypto_signals.data] [update_multiple_tokens] - Successfully updated near
[2025-03-12 16:51:00 UTC] [INFO] [crypto_signals.data] [update_multiple_tokens] - 
Processing oasis-network...
[2025-03-12 16:51:00 UTC] [INFO] [crypto_signals.data] [update_token_data] - Previous data detected for token oasis-network
[2025-03-12 16:51:00 UTC] [INFO] [crypto_signals.data] [fetch_hourly_data] - Starting data fetch for oasis-network from 2025-03-09 17:00:00 to 2025-03-12 17:00:00 (3 days)
[2025-03-12 16:51:00 UTC] [INFO] [crypto_signals.data] [fetch_hourly_data] - Completed data fetch for oasis-network (72 days)
[2025-03-12 16:51:00 UTC] [INFO] [crypto_signals.data] [update_multiple_tokens] - Successfully updated oasis-network
[2025-03-12 16:51:00 UTC] [INFO] [crypto_signals.data] [update_multiple_tokens] - 
Processing ix-swap...
[2025-03-12 16:51:00 UTC] [INFO] [crypto_signals.data] [update_token_data] - Previous data detected for token ix-swap
[2025-03-12 16:51:00 UTC] [INFO] [crypto_signals.data] [fetch_hourly_data] - Starting data fetch for ix-swap from 2025-03-09 17:00:00 to 2025-03-12 17:00:00 (3 days)
[2025-03-12 16:51:01 UTC] [INFO] [crypto_signals.data] [fetch_hourly_data] - Completed data fetch for ix-swap (72 days)
[2025-03-12 16:51:01 UTC] [INFO] [crypto_signals.data] [update_multiple_tokens] - Successfully updated ix-swap
[2025-03-12 16:51:01 UTC] [INFO] [crypto_signals.data] [update_multiple_tokens] - 
Processing empyreal...
[2025-03-12 16:51:01 UTC] [INFO] [crypto_signals.data] [update_token_data] - Previous data detected for token empyreal
[2025-03-12 16:51:01 UTC] [INFO] [crypto_signals.data] [fetch_hourly_data] - Starting data fetch for empyreal from 2025-03-09 17:00:00 to 2025-03-12 17:00:00 (3 days)
[2025-03-12 16:51:01 UTC] [INFO] [crypto_signals.data] [fetch_hourly_data] - Completed data fetch for empyreal (72 days)
[2025-03-12 16:51:01 UTC] [INFO] [crypto_signals.data] [update_multiple_tokens] - Successfully updated empyreal
[2025-03-12 16:51:01 UTC] [INFO] [crypto_signals.data] [update_multiple_tokens] - 
Processing maple...
[2025-03-12 16:51:01 UTC] [INFO] [crypto_signals.data] [update_token_data] - Previous data detected for token maple
[2025-03-12 16:51:01 UTC] [INFO] [crypto_signals.data] [fetch_hourly_data] - Starting data fetch for maple from 2025-03-09 17:00:00 to 2025-03-12 17:00:00 (3 days)
[2025-03-12 16:51:01 UTC] [INFO] [crypto_signals.data] [fetch_hourly_data] - Completed data fetch for maple (72 days)
[2025-03-12 16:51:01 UTC] [INFO] [crypto_signals.data] [update_multiple_tokens] - Successfully updated maple
[2025-03-12 16:51:01 UTC] [INFO] [crypto_signals.data] [update_multiple_tokens] - 
Processing clearpool...
[2025-03-12 16:51:01 UTC] [INFO] [crypto_signals.data] [update_token_data] - Previous data detected for token clearpool
[2025-03-12 16:51:01 UTC] [INFO] [crypto_signals.data] [fetch_hourly_data] - Starting data fetch for clearpool from 2025-03-09 17:00:00 to 2025-03-12 17:00:00 (3 days)
[2025-03-12 16:51:12 UTC] [INFO] [crypto_signals.api] [api_rate_limit_call] - All keys exhausted. Waiting 20.2s before next attempt
[2025-03-12 16:51:32 UTC] [INFO] [crypto_signals.api] [api_rate_limit_call] - All keys exhausted. Waiting 40.4s before next attempt
[2025-03-12 16:52:13 UTC] [INFO] [crypto_signals.api] [api_rate_limit_call] - All keys exhausted. Waiting 60s before next attempt
[2025-03-12 16:52:13 UTC] [INFO] [crypto_signals.data] [fetch_hourly_data] - Completed data fetch for clearpool (72 days)
[2025-03-12 16:52:14 UTC] [INFO] [crypto_signals.data] [update_multiple_tokens] - Successfully updated clearpool
[2025-03-12 16:52:14 UTC] [INFO] [crypto_signals.data] [update_multiple_tokens] - 
Processing simmi-token...
[2025-03-12 16:52:14 UTC] [INFO] [crypto_signals.data] [update_token_data] - Previous data detected for token simmi-token
[2025-03-12 16:52:14 UTC] [INFO] [crypto_signals.data] [fetch_hourly_data] - Starting data fetch for simmi-token from 2025-03-09 17:00:00 to 2025-03-12 17:00:00 (3 days)
[2025-03-12 16:52:14 UTC] [INFO] [crypto_signals.data] [fetch_hourly_data] - Completed data fetch for simmi-token (72 days)
[2025-03-12 16:52:14 UTC] [INFO] [crypto_signals.data] [update_multiple_tokens] - Successfully updated simmi-token
[2025-03-12 16:52:14 UTC] [INFO] [crypto_signals.data] [update_multiple_tokens] - 
Processing ondo-finance...
[2025-03-12 16:52:14 UTC] [INFO] [crypto_signals.data] [update_token_data] - Previous data detected for token ondo-finance
[2025-03-12 16:52:14 UTC] [INFO] [crypto_signals.data] [fetch_hourly_data] - Starting data fetch for ondo-finance from 2025-03-09 17:00:00 to 2025-03-12 17:00:00 (3 days)
[2025-03-12 16:52:14 UTC] [INFO] [crypto_signals.data] [fetch_hourly_data] - Completed data fetch for ondo-finance (72 days)
[2025-03-12 16:52:14 UTC] [INFO] [crypto_signals.data] [update_multiple_tokens] - Successfully updated ondo-finance
[2025-03-12 16:52:15 UTC] [INFO] [crypto_signals.data] [_log_fetch_status] - 8/8 are present for the most recent hour, None are not present in the most recent hour
[2025-03-12 16:52:15 UTC] [INFO] [crypto_signals.system] [main] - Token data updated
[2025-03-12 16:52:15 UTC] [INFO] [crypto_signals.system] [main] - Token price validation complete
[2025-03-12 16:52:15 UTC] [INFO] [crypto_signals.system] [main] - Price alerts processed
[2025-03-12 16:52:15 UTC] [INFO] [crypto_signals.data] [process_new_data] - Expanding indicators updated in 0.01s
[2025-03-12 16:52:15 UTC] [INFO] [crypto_signals.data] [process_new_data] - Rolling indicators updated in 0.23s
[2025-03-12 16:52:15 UTC] [INFO] [crypto_signals.data] [process_new_data] - Portfolio signals updated in 0.04s
[2025-03-12 16:52:16 UTC] [INFO] [crypto_signals.data] [process_new_data] - Data processing complete and saved
[2025-03-12 16:52:16 UTC] [INFO] [crypto_signals.system] [main] - Indicator processing complete
[2025-03-12 17:44:03 UTC] [INFO] [crypto_signals.system] [main] - Starting crypto signals processing
[2025-03-12 17:44:03 UTC] [INFO] [crypto_signals.data] [remove_columns] - Removed columns: []
[2025-03-12 17:44:03 UTC] [INFO] [crypto_signals.data] [update_multiple_tokens] - 
Processing near...
[2025-03-12 17:44:03 UTC] [INFO] [crypto_signals.data] [update_token_data] - Previous data detected for token near
[2025-03-12 17:44:03 UTC] [INFO] [crypto_signals.data] [fetch_hourly_data] - Starting data fetch for near from 2025-03-09 18:00:00 to 2025-03-12 18:00:00 (3 days)
[2025-03-12 17:44:03 UTC] [INFO] [crypto_signals.data] [fetch_hourly_data] - Completed data fetch for near (72 days)
[2025-03-12 17:44:03 UTC] [INFO] [crypto_signals.data] [update_multiple_tokens] - Successfully updated near
[2025-03-12 17:44:03 UTC] [INFO] [crypto_signals.data] [update_multiple_tokens] - 
Processing oasis-network...
[2025-03-12 17:44:03 UTC] [INFO] [crypto_signals.data] [update_token_data] - Previous data detected for token oasis-network
[2025-03-12 17:44:03 UTC] [INFO] [crypto_signals.data] [fetch_hourly_data] - Starting data fetch for oasis-network from 2025-03-09 18:00:00 to 2025-03-12 18:00:00 (3 days)
[2025-03-12 17:44:04 UTC] [INFO] [crypto_signals.data] [fetch_hourly_data] - Completed data fetch for oasis-network (72 days)
[2025-03-12 17:44:04 UTC] [INFO] [crypto_signals.data] [update_multiple_tokens] - Successfully updated oasis-network
[2025-03-12 17:44:04 UTC] [INFO] [crypto_signals.data] [update_multiple_tokens] - 
Processing ix-swap...
[2025-03-12 17:44:04 UTC] [INFO] [crypto_signals.data] [update_token_data] - Previous data detected for token ix-swap
[2025-03-12 17:44:04 UTC] [INFO] [crypto_signals.data] [fetch_hourly_data] - Starting data fetch for ix-swap from 2025-03-09 18:00:00 to 2025-03-12 18:00:00 (3 days)
[2025-03-12 17:44:04 UTC] [INFO] [crypto_signals.data] [fetch_hourly_data] - Completed data fetch for ix-swap (72 days)
[2025-03-12 17:44:04 UTC] [INFO] [crypto_signals.data] [update_multiple_tokens] - Successfully updated ix-swap
[2025-03-12 17:44:04 UTC] [INFO] [crypto_signals.data] [update_multiple_tokens] - 
Processing empyreal...
[2025-03-12 17:44:04 UTC] [INFO] [crypto_signals.data] [update_token_data] - Previous data detected for token empyreal
[2025-03-12 17:44:04 UTC] [INFO] [crypto_signals.data] [fetch_hourly_data] - Starting data fetch for empyreal from 2025-03-09 18:00:00 to 2025-03-12 18:00:00 (3 days)
[2025-03-12 17:44:04 UTC] [INFO] [crypto_signals.data] [fetch_hourly_data] - Completed data fetch for empyreal (72 days)
[2025-03-12 17:44:04 UTC] [INFO] [crypto_signals.data] [update_multiple_tokens] - Successfully updated empyreal
[2025-03-12 17:44:04 UTC] [INFO] [crypto_signals.data] [update_multiple_tokens] - 
Processing maple...
[2025-03-12 17:44:04 UTC] [INFO] [crypto_signals.data] [update_token_data] - Previous data detected for token maple
[2025-03-12 17:44:04 UTC] [INFO] [crypto_signals.data] [fetch_hourly_data] - Starting data fetch for maple from 2025-03-09 18:00:00 to 2025-03-12 18:00:00 (3 days)
[2025-03-12 17:44:04 UTC] [INFO] [crypto_signals.data] [fetch_hourly_data] - Completed data fetch for maple (72 days)
[2025-03-12 17:44:04 UTC] [INFO] [crypto_signals.data] [update_multiple_tokens] - Successfully updated maple
[2025-03-12 17:44:04 UTC] [INFO] [crypto_signals.data] [update_multiple_tokens] - 
Processing clearpool...
[2025-03-12 17:44:04 UTC] [INFO] [crypto_signals.data] [update_token_data] - Previous data detected for token clearpool
[2025-03-12 17:44:04 UTC] [INFO] [crypto_signals.data] [fetch_hourly_data] - Starting data fetch for clearpool from 2025-03-09 18:00:00 to 2025-03-12 18:00:00 (3 days)
[2025-03-12 17:44:15 UTC] [INFO] [crypto_signals.api] [api_rate_limit_call] - All keys exhausted. Waiting 20.2s before next attempt
[2025-03-12 17:44:35 UTC] [INFO] [crypto_signals.api] [api_rate_limit_call] - All keys exhausted. Waiting 40.4s before next attempt
[2025-03-12 17:45:16 UTC] [INFO] [crypto_signals.api] [api_rate_limit_call] - All keys exhausted. Waiting 60s before next attempt
[2025-03-12 17:45:16 UTC] [INFO] [crypto_signals.data] [fetch_hourly_data] - Completed data fetch for clearpool (72 days)
[2025-03-12 17:45:16 UTC] [INFO] [crypto_signals.data] [update_multiple_tokens] - Successfully updated clearpool
[2025-03-12 17:45:16 UTC] [INFO] [crypto_signals.data] [update_multiple_tokens] - 
Processing simmi-token...
[2025-03-12 17:45:16 UTC] [INFO] [crypto_signals.data] [update_token_data] - Previous data detected for token simmi-token
[2025-03-12 17:45:16 UTC] [INFO] [crypto_signals.data] [fetch_hourly_data] - Starting data fetch for simmi-token from 2025-03-09 18:00:00 to 2025-03-12 18:00:00 (3 days)
[2025-03-12 17:45:16 UTC] [INFO] [crypto_signals.data] [fetch_hourly_data] - Completed data fetch for simmi-token (72 days)
[2025-03-12 17:45:16 UTC] [INFO] [crypto_signals.data] [update_multiple_tokens] - Successfully updated simmi-token
[2025-03-12 17:45:17 UTC] [INFO] [crypto_signals.data] [update_multiple_tokens] - 
Processing ondo-finance...
[2025-03-12 17:45:17 UTC] [INFO] [crypto_signals.data] [update_token_data] - Previous data detected for token ondo-finance
[2025-03-12 17:45:17 UTC] [INFO] [crypto_signals.data] [fetch_hourly_data] - Starting data fetch for ondo-finance from 2025-03-09 18:00:00 to 2025-03-12 18:00:00 (3 days)
[2025-03-12 17:45:17 UTC] [INFO] [crypto_signals.data] [fetch_hourly_data] - Completed data fetch for ondo-finance (72 days)
[2025-03-12 17:45:17 UTC] [INFO] [crypto_signals.data] [update_multiple_tokens] - Successfully updated ondo-finance
[2025-03-12 17:45:17 UTC] [INFO] [crypto_signals.data] [_log_fetch_status] - 8/8 are present for the most recent hour, None are not present in the most recent hour
[2025-03-12 17:45:17 UTC] [INFO] [crypto_signals.system] [main] - Token data updated
[2025-03-12 17:45:18 UTC] [INFO] [crypto_signals.system] [main] - Token price validation complete
[2025-03-12 17:45:18 UTC] [INFO] [crypto_signals.system] [main] - Price alerts processed
[2025-03-12 17:45:18 UTC] [INFO] [crypto_signals.data] [process_new_data] - Expanding indicators updated in 0.01s
[2025-03-12 17:45:18 UTC] [INFO] [crypto_signals.data] [process_new_data] - Rolling indicators updated in 0.26s
[2025-03-12 17:45:18 UTC] [INFO] [crypto_signals.data] [process_new_data] - Portfolio signals updated in 0.04s
[2025-03-12 17:45:19 UTC] [INFO] [crypto_signals.data] [process_new_data] - Data processing complete and saved
[2025-03-12 17:45:19 UTC] [INFO] [crypto_signals.system] [main] - Indicator processing complete
[2025-03-12 18:50:20 UTC] [INFO] [crypto_signals.system] [main] - Starting crypto signals processing
[2025-03-12 18:50:21 UTC] [INFO] [crypto_signals.data] [remove_columns] - Removed columns: []
[2025-03-12 18:50:21 UTC] [INFO] [crypto_signals.data] [update_multiple_tokens] - 
Processing near...
[2025-03-12 18:50:21 UTC] [INFO] [crypto_signals.data] [update_token_data] - Previous data detected for token near
[2025-03-12 18:50:21 UTC] [INFO] [crypto_signals.data] [fetch_hourly_data] - Starting data fetch for near from 2025-03-09 19:00:00 to 2025-03-12 19:00:00 (3 days)
[2025-03-12 18:50:21 UTC] [INFO] [crypto_signals.data] [fetch_hourly_data] - Completed data fetch for near (72 days)
[2025-03-12 18:50:21 UTC] [INFO] [crypto_signals.data] [update_multiple_tokens] - Successfully updated near
[2025-03-12 18:50:21 UTC] [INFO] [crypto_signals.data] [update_multiple_tokens] - 
Processing oasis-network...
[2025-03-12 18:50:21 UTC] [INFO] [crypto_signals.data] [update_token_data] - Previous data detected for token oasis-network
[2025-03-12 18:50:21 UTC] [INFO] [crypto_signals.data] [fetch_hourly_data] - Starting data fetch for oasis-network from 2025-03-09 19:00:00 to 2025-03-12 19:00:00 (3 days)
[2025-03-12 18:50:21 UTC] [INFO] [crypto_signals.data] [fetch_hourly_data] - Completed data fetch for oasis-network (72 days)
[2025-03-12 18:50:21 UTC] [INFO] [crypto_signals.data] [update_multiple_tokens] - Successfully updated oasis-network
[2025-03-12 18:50:21 UTC] [INFO] [crypto_signals.data] [update_multiple_tokens] - 
Processing ix-swap...
[2025-03-12 18:50:21 UTC] [INFO] [crypto_signals.data] [update_token_data] - Previous data detected for token ix-swap
[2025-03-12 18:50:21 UTC] [INFO] [crypto_signals.data] [fetch_hourly_data] - Starting data fetch for ix-swap from 2025-03-09 19:00:00 to 2025-03-12 19:00:00 (3 days)
[2025-03-12 18:50:21 UTC] [INFO] [crypto_signals.data] [fetch_hourly_data] - Completed data fetch for ix-swap (72 days)
[2025-03-12 18:50:21 UTC] [INFO] [crypto_signals.data] [update_multiple_tokens] - Successfully updated ix-swap
[2025-03-12 18:50:21 UTC] [INFO] [crypto_signals.data] [update_multiple_tokens] - 
Processing empyreal...
[2025-03-12 18:50:21 UTC] [INFO] [crypto_signals.data] [update_token_data] - Previous data detected for token empyreal
[2025-03-12 18:50:21 UTC] [INFO] [crypto_signals.data] [fetch_hourly_data] - Starting data fetch for empyreal from 2025-03-09 19:00:00 to 2025-03-12 19:00:00 (3 days)
[2025-03-12 18:50:22 UTC] [INFO] [crypto_signals.data] [fetch_hourly_data] - Completed data fetch for empyreal (72 days)
[2025-03-12 18:50:22 UTC] [INFO] [crypto_signals.data] [update_multiple_tokens] - Successfully updated empyreal
[2025-03-12 18:50:22 UTC] [INFO] [crypto_signals.data] [update_multiple_tokens] - 
Processing maple...
[2025-03-12 18:50:22 UTC] [INFO] [crypto_signals.data] [update_token_data] - Previous data detected for token maple
[2025-03-12 18:50:22 UTC] [INFO] [crypto_signals.data] [fetch_hourly_data] - Starting data fetch for maple from 2025-03-09 19:00:00 to 2025-03-12 19:00:00 (3 days)
[2025-03-12 18:50:22 UTC] [INFO] [crypto_signals.data] [fetch_hourly_data] - Completed data fetch for maple (72 days)
[2025-03-12 18:50:22 UTC] [INFO] [crypto_signals.data] [update_multiple_tokens] - Successfully updated maple
[2025-03-12 18:50:22 UTC] [INFO] [crypto_signals.data] [update_multiple_tokens] - 
Processing clearpool...
[2025-03-12 18:50:22 UTC] [INFO] [crypto_signals.data] [update_token_data] - Previous data detected for token clearpool
[2025-03-12 18:50:22 UTC] [INFO] [crypto_signals.data] [fetch_hourly_data] - Starting data fetch for clearpool from 2025-03-09 19:00:00 to 2025-03-12 19:00:00 (3 days)
[2025-03-12 18:50:33 UTC] [INFO] [crypto_signals.api] [api_rate_limit_call] - All keys exhausted. Waiting 20.2s before next attempt
[2025-03-12 18:50:53 UTC] [INFO] [crypto_signals.api] [api_rate_limit_call] - All keys exhausted. Waiting 40.4s before next attempt
[2025-03-12 18:51:34 UTC] [INFO] [crypto_signals.api] [api_rate_limit_call] - All keys exhausted. Waiting 60s before next attempt
[2025-03-12 18:51:34 UTC] [INFO] [crypto_signals.data] [fetch_hourly_data] - Completed data fetch for clearpool (72 days)
[2025-03-12 18:51:34 UTC] [INFO] [crypto_signals.data] [update_multiple_tokens] - Successfully updated clearpool
[2025-03-12 18:51:34 UTC] [INFO] [crypto_signals.data] [update_multiple_tokens] - 
Processing simmi-token...
[2025-03-12 18:51:34 UTC] [INFO] [crypto_signals.data] [update_token_data] - Previous data detected for token simmi-token
[2025-03-12 18:51:34 UTC] [INFO] [crypto_signals.data] [fetch_hourly_data] - Starting data fetch for simmi-token from 2025-03-09 19:00:00 to 2025-03-12 19:00:00 (3 days)
[2025-03-12 18:51:35 UTC] [INFO] [crypto_signals.data] [fetch_hourly_data] - Completed data fetch for simmi-token (72 days)
[2025-03-12 18:51:35 UTC] [INFO] [crypto_signals.data] [update_multiple_tokens] - Successfully updated simmi-token
[2025-03-12 18:51:35 UTC] [INFO] [crypto_signals.data] [update_multiple_tokens] - 
Processing ondo-finance...
[2025-03-12 18:51:35 UTC] [INFO] [crypto_signals.data] [update_token_data] - Previous data detected for token ondo-finance
[2025-03-12 18:51:35 UTC] [INFO] [crypto_signals.data] [fetch_hourly_data] - Starting data fetch for ondo-finance from 2025-03-09 19:00:00 to 2025-03-12 19:00:00 (3 days)
[2025-03-12 18:51:35 UTC] [INFO] [crypto_signals.data] [fetch_hourly_data] - Completed data fetch for ondo-finance (72 days)
[2025-03-12 18:51:35 UTC] [INFO] [crypto_signals.data] [update_multiple_tokens] - Successfully updated ondo-finance
[2025-03-12 18:51:36 UTC] [INFO] [crypto_signals.data] [_log_fetch_status] - 8/8 are present for the most recent hour, None are not present in the most recent hour
[2025-03-12 18:51:36 UTC] [INFO] [crypto_signals.system] [main] - Token data updated
[2025-03-12 18:51:36 UTC] [INFO] [crypto_signals.system] [main] - Token price validation complete
[2025-03-12 18:51:36 UTC] [INFO] [crypto_signals.system] [main] - Price alerts processed
[2025-03-12 18:51:36 UTC] [INFO] [crypto_signals.data] [process_new_data] - Expanding indicators updated in 0.01s
[2025-03-12 18:51:36 UTC] [INFO] [crypto_signals.data] [process_new_data] - Rolling indicators updated in 0.22s
[2025-03-12 18:51:36 UTC] [INFO] [crypto_signals.data] [process_new_data] - Portfolio signals updated in 0.04s
[2025-03-12 18:51:37 UTC] [INFO] [crypto_signals.data] [process_new_data] - Data processing complete and saved
[2025-03-12 18:51:37 UTC] [INFO] [crypto_signals.system] [main] - Indicator processing complete
